<?xml version="1.0" encoding="UTF-8"?>
<!-- Generated by org.testng.reporters.JUnitXMLReporter -->
<testsuite hostname="TGS-DPC-2295" ignored="0" name="Default test" tests="1" failures="0" timestamp="26 Apr 2018 10:50:18 GMT" time="0.054" errors="0">
  <testcase name="@BeforeTest classSetUp" time="0.0" classname="tests.EnvironmentSetup">
    <failure type="org.testng.TestNGException" message="
Parameter &amp;apos;browser&amp;apos; is required by BeforeTest on method classSetUp but has not been marked @Optional or defined
in C:\Users\Testing\AppData\Local\Temp\testng-eclipse-785419985\testng-customsuite.xml">
      <![CDATA[org.testng.TestNGException: 
Parameter 'browser' is required by BeforeTest on method classSetUp but has not been marked @Optional or defined
in C:\Users\Testing\AppData\Local\Temp\testng-eclipse-785419985\testng-customsuite.xml
	at org.testng.internal.Parameters.createParameters(Parameters.java:199)
	at org.testng.internal.Parameters.createParameters(Parameters.java:443)
	at org.testng.internal.Parameters.createConfigurationParameters(Parameters.java:118)
	at org.testng.internal.Invoker.invokeConfigurations(Invoker.java:203)
	at org.testng.internal.Invoker.invokeConfigurations(Invoker.java:144)
	at org.testng.TestRunner.beforeRun(TestRunner.java:634)
	at org.testng.TestRunner.run(TestRunner.java:602)
	at org.testng.SuiteRunner.runTest(SuiteRunner.java:387)
	at org.testng.SuiteRunner.runSequentially(SuiteRunner.java:382)
	at org.testng.SuiteRunner.privateRun(SuiteRunner.java:340)
	at org.testng.SuiteRunner.run(SuiteRunner.java:289)
	at org.testng.SuiteRunnerWorker.runSuite(SuiteRunnerWorker.java:52)
	at org.testng.SuiteRunnerWorker.run(SuiteRunnerWorker.java:86)
	at org.testng.TestNG.runSuitesSequentially(TestNG.java:1293)
	at org.testng.TestNG.runSuitesLocally(TestNG.java:1218)
	at org.testng.TestNG.runSuites(TestNG.java:1133)
	at org.testng.TestNG.run(TestNG.java:1104)
	at org.testng.remote.AbstractRemoteTestNG.run(AbstractRemoteTestNG.java:114)
	at org.testng.remote.RemoteTestNG.initAndRun(RemoteTestNG.java:251)
	at org.testng.remote.RemoteTestNG.main(RemoteTestNG.java:77)
]]>
    </failure>
  </testcase> <!-- @BeforeTest classSetUp -->
  <testcase name="@BeforeMethod methodSetup" time="0.0" classname="tests.EnvironmentSetup">
    <skipped/>
  </testcase> <!-- @BeforeMethod methodSetup -->
  <testcase name="@AfterMethod afterMethod" time="0.0" classname="tests.EnvironmentSetup">
    <skipped/>
  </testcase> <!-- @AfterMethod afterMethod -->
  <testcase name="@AfterTest closeDriver" time="0.0" classname="tests.EnvironmentSetup">
    <skipped/>
  </testcase> <!-- @AfterTest closeDriver -->
  <testcase name="LaunchGoogle" time="0.011" classname="tests.Test01">
    <skipped/>
  </testcase> <!-- LaunchGoogle -->
</testsuite> <!-- Default test -->
